Build started 3/28/2017 4:28:09 PM.
     1>Project "C:\Users\HafizHamza\documents\visual studio 2010\Projects\Table LOOP\Table LOOP\Table LOOP.vcxproj" on node 2 (build target(s)).
     1>InitializeBuildStatus:
         Creating "Debug\Table LOOP.unsuccessfulbuild" because "AlwaysCreate" was specified.
       ClCompile:
         C:\Program Files (x86)\Microsoft Visual Studio 10.0\VC\bin\CL.exe /c /ZI /nologo /W3 /WX- /Od /Oy- /D _MBCS /Gm /EHsc /RTC1 /MDd /GS /fp:precise /Zc:wchar_t /Zc:forScope /Fo"Debug\\" /Fd"Debug\vc100.pdb" /Gd /TP /analyze- /errorReport:prompt "table Loop.cpp"
         table Loop.cpp
     1>c:\users\hafizhamza\documents\visual studio 2010\projects\table loop\table loop\table loop.cpp(20): warning C4996: 'getch': The POSIX name for this item is deprecated. Instead, use the ISO C++ conformant name: _getch. See online help for details.
                 c:\program files (x86)\microsoft visual studio 10.0\vc\include\conio.h(128) : see declaration of 'getch'
       Link:
         C:\Program Files (x86)\Microsoft Visual Studio 10.0\VC\bin\link.exe /ERRORREPORT:PROMPT /OUT:"C:\Users\HafizHamza\documents\visual studio 2010\Projects\Table LOOP\Debug\Table LOOP.exe" /NOLOGO kernel32.lib user32.lib gdi32.lib winspool.lib comdlg32.lib advapi32.lib shell32.lib ole32.lib oleaut32.lib uuid.lib odbc32.lib odbccp32.lib /MANIFEST /ManifestFile:"Debug\Table LOOP.exe.intermediate.manifest" /MANIFESTUAC:"level='asInvoker' uiAccess='false'" /DEBUG /PDB:"C:\Users\HafizHamza\documents\visual studio 2010\Projects\Table LOOP\Debug\Table LOOP.pdb" /TLBID:1 /DYNAMICBASE /NXCOMPAT /IMPLIB:"C:\Users\HafizHamza\documents\visual studio 2010\Projects\Table LOOP\Debug\Table LOOP.lib" /MACHINE:X86 "Debug\table Loop.obj"
         LINK : C:\Users\HafizHamza\documents\visual studio 2010\Projects\Table LOOP\Debug\Table LOOP.exe not found or not built by the last incremental link; performing full link
         Table LOOP.vcxproj -> C:\Users\HafizHamza\documents\visual studio 2010\Projects\Table LOOP\Debug\Table LOOP.exe
       Manifest:
         C:\Program Files (x86)\Microsoft SDKs\Windows\v7.0A\bin\mt.exe /nologo /verbose /outputresource:"C:\Users\HafizHamza\documents\visual studio 2010\Projects\Table LOOP\Debug\Table LOOP.exe;#1" /manifest "Debug\Table LOOP.exe.intermediate.manifest"
       FinalizeBuildStatus:
         Deleting file "Debug\Table LOOP.unsuccessfulbuild".
         Touching "Debug\Table LOOP.lastbuildstate".
     1>Done Building Project "C:\Users\HafizHamza\documents\visual studio 2010\Projects\Table LOOP\Table LOOP\Table LOOP.vcxproj" (build target(s)).

Build succeeded.

Time Elapsed 00:00:00.57
